c:\users\희동\desktop\3학기\3d프로그래밍\곤줄박이\labproject(directxmath-explosion)(real)\labproject\x64\debug\labproject.pch
c:\users\희동\desktop\3학기\3d프로그래밍\곤줄박이\labproject(directxmath-explosion)(real)\labproject\x64\debug\vc141.pdb
c:\users\희동\desktop\3학기\3d프로그래밍\곤줄박이\labproject(directxmath-explosion)(real)\labproject\x64\debug\stdafx.obj
c:\users\희동\desktop\3학기\3d프로그래밍\곤줄박이\labproject(directxmath-explosion)(real)\labproject\x64\debug\timer.obj
c:\users\희동\desktop\3학기\3d프로그래밍\곤줄박이\labproject(directxmath-explosion)(real)\labproject\x64\debug\scene.obj
c:\users\희동\desktop\3학기\3d프로그래밍\곤줄박이\labproject(directxmath-explosion)(real)\labproject\x64\debug\player.obj
c:\users\희동\desktop\3학기\3d프로그래밍\곤줄박이\labproject(directxmath-explosion)(real)\labproject\x64\debug\mesh.obj
c:\users\희동\desktop\3학기\3d프로그래밍\곤줄박이\labproject(directxmath-explosion)(real)\labproject\x64\debug\labproject.obj
c:\users\희동\desktop\3학기\3d프로그래밍\곤줄박이\labproject(directxmath-explosion)(real)\labproject\x64\debug\gameobject.obj
c:\users\희동\desktop\3학기\3d프로그래밍\곤줄박이\labproject(directxmath-explosion)(real)\labproject\x64\debug\gameframework.obj
c:\users\희동\desktop\3학기\3d프로그래밍\곤줄박이\labproject(directxmath-explosion)(real)\labproject\x64\debug\camera.obj
c:\users\희동\desktop\3학기\3d프로그래밍\곤줄박이\labproject(directxmath-explosion)(real)\x64\debug\labproject.exe
c:\users\희동\desktop\3학기\3d프로그래밍\곤줄박이\labproject(directxmath-explosion)(real)\x64\debug\labproject.pdb
c:\users\희동\desktop\3학기\3d프로그래밍\곤줄박이\labproject(directxmath-explosion)(real)\labproject\x64\debug\labproject.res
c:\users\희동\desktop\3학기\3d프로그래밍\곤줄박이\labproject(directxmath-explosion)(real)\labproject\x64\debug\labproject.tlog\cl.command.1.tlog
c:\users\희동\desktop\3학기\3d프로그래밍\곤줄박이\labproject(directxmath-explosion)(real)\labproject\x64\debug\labproject.tlog\cl.read.1.tlog
c:\users\희동\desktop\3학기\3d프로그래밍\곤줄박이\labproject(directxmath-explosion)(real)\labproject\x64\debug\labproject.tlog\cl.write.1.tlog
c:\users\희동\desktop\3학기\3d프로그래밍\곤줄박이\labproject(directxmath-explosion)(real)\labproject\x64\debug\labproject.tlog\link.command.1.tlog
c:\users\희동\desktop\3학기\3d프로그래밍\곤줄박이\labproject(directxmath-explosion)(real)\labproject\x64\debug\labproject.tlog\link.read.1.tlog
c:\users\희동\desktop\3학기\3d프로그래밍\곤줄박이\labproject(directxmath-explosion)(real)\labproject\x64\debug\labproject.tlog\link.write.1.tlog
c:\users\희동\desktop\3학기\3d프로그래밍\곤줄박이\labproject(directxmath-explosion)(real)\labproject\x64\debug\labproject.tlog\rc.command.1.tlog
c:\users\희동\desktop\3학기\3d프로그래밍\곤줄박이\labproject(directxmath-explosion)(real)\labproject\x64\debug\labproject.tlog\rc.read.1.tlog
c:\users\희동\desktop\3학기\3d프로그래밍\곤줄박이\labproject(directxmath-explosion)(real)\labproject\x64\debug\labproject.tlog\rc.write.1.tlog
