c:\users\희동\desktop\3학기\3d프로그래밍\win32project9\windowsproject4\x64\debug\vc141.pdb
c:\users\희동\desktop\3학기\3d프로그래밍\win32project9\windowsproject4\x64\debug\vc141.idb
c:\users\희동\desktop\3학기\3d프로그래밍\win32project9\windowsproject4\x64\debug\windowsproject4.obj
c:\users\희동\desktop\3학기\3d프로그래밍\win32project9\windowsproject4\x64\debug\timer.obj
c:\users\희동\desktop\3학기\3d프로그래밍\win32project9\windowsproject4\x64\debug\scene.obj
c:\users\희동\desktop\3학기\3d프로그래밍\win32project9\windowsproject4\x64\debug\gameframework.obj
c:\users\희동\desktop\3학기\3d프로그래밍\win32project9\windowsproject4\x64\debug\windowsproject4.pch
c:\users\희동\desktop\3학기\3d프로그래밍\win32project9\windowsproject4\x64\debug\stdafx.obj
c:\users\희동\desktop\3학기\3d프로그래밍\win32project9\windowsproject4\x64\debug\gameobject.obj
c:\users\희동\desktop\3학기\3d프로그래밍\win32project9\windowsproject4\x64\debug\mesh.obj
c:\users\희동\desktop\3학기\3d프로그래밍\win32project9\windowsproject4\x64\debug\shader.obj
c:\users\희동\desktop\3학기\3d프로그래밍\win32project9\x64\debug\windowsproject4.exe
c:\users\희동\desktop\3학기\3d프로그래밍\win32project9\x64\debug\windowsproject4.ilk
c:\users\희동\desktop\3학기\3d프로그래밍\win32project9\x64\debug\windowsproject4.pdb
c:\users\희동\desktop\3학기\3d프로그래밍\win32project9\windowsproject4\x64\debug\windowsproject4.res
c:\users\희동\desktop\3학기\3d프로그래밍\win32project9\windowsproject4\x64\debug\windowsproject4.tlog\cl.command.1.tlog
c:\users\희동\desktop\3학기\3d프로그래밍\win32project9\windowsproject4\x64\debug\windowsproject4.tlog\cl.read.1.tlog
c:\users\희동\desktop\3학기\3d프로그래밍\win32project9\windowsproject4\x64\debug\windowsproject4.tlog\cl.write.1.tlog
c:\users\희동\desktop\3학기\3d프로그래밍\win32project9\windowsproject4\x64\debug\windowsproject4.tlog\link.command.1.tlog
c:\users\희동\desktop\3학기\3d프로그래밍\win32project9\windowsproject4\x64\debug\windowsproject4.tlog\link.read.1.tlog
c:\users\희동\desktop\3학기\3d프로그래밍\win32project9\windowsproject4\x64\debug\windowsproject4.tlog\link.write.1.tlog
c:\users\희동\desktop\3학기\3d프로그래밍\win32project9\windowsproject4\x64\debug\windowsproject4.tlog\rc.command.1.tlog
c:\users\희동\desktop\3학기\3d프로그래밍\win32project9\windowsproject4\x64\debug\windowsproject4.tlog\rc.read.1.tlog
c:\users\희동\desktop\3학기\3d프로그래밍\win32project9\windowsproject4\x64\debug\windowsproject4.tlog\rc.write.1.tlog
