c:\users\hyun\desktop\따라하기 18\x64\debug\labproject07.pch
c:\users\hyun\desktop\따라하기 18\x64\debug\vc141.pdb
c:\users\hyun\desktop\따라하기 18\x64\debug\vc141.idb
c:\users\hyun\desktop\따라하기 18\x64\debug\stdafx.obj
c:\users\hyun\desktop\따라하기 18\x64\debug\camera.obj
c:\users\hyun\desktop\따라하기 18\x64\debug\gameframework.obj
c:\users\hyun\desktop\따라하기 18\x64\debug\labproject07.obj
c:\users\hyun\desktop\따라하기 18\x64\debug\mesh.obj
c:\users\hyun\desktop\따라하기 18\x64\debug\object.obj
c:\users\hyun\desktop\따라하기 18\x64\debug\player.obj
c:\users\hyun\desktop\따라하기 18\x64\debug\scene.obj
c:\users\hyun\desktop\따라하기 18\x64\debug\shader.obj
c:\users\hyun\desktop\따라하기 18\x64\debug\timer.obj
c:\users\hyun\desktop\따라하기 18\x64\debug\shaders.cso
c:\users\hyun\desktop\따라하기 18\x64\debug\light.cso
c:\users\hyun\desktop\따라하기 18\x64\debug\labproject07.exe
c:\users\hyun\desktop\따라하기 18\x64\debug\labproject07.ilk
c:\users\hyun\desktop\따라하기 18\x64\debug\labproject07.pdb
c:\users\hyun\desktop\따라하기 18\x64\debug\labproject07.res
c:\users\hyun\desktop\따라하기 18\x64\debug\labproject07.tlog\cl.command.1.tlog
c:\users\hyun\desktop\따라하기 18\x64\debug\labproject07.tlog\cl.read.1.tlog
c:\users\hyun\desktop\따라하기 18\x64\debug\labproject07.tlog\cl.write.1.tlog
c:\users\hyun\desktop\따라하기 18\x64\debug\labproject07.tlog\fxc.command.1.tlog
c:\users\hyun\desktop\따라하기 18\x64\debug\labproject07.tlog\fxc.read.1.tlog
c:\users\hyun\desktop\따라하기 18\x64\debug\labproject07.tlog\fxc.write.1.tlog
c:\users\hyun\desktop\따라하기 18\x64\debug\labproject07.tlog\labproject07.write.1u.tlog
c:\users\hyun\desktop\따라하기 18\x64\debug\labproject07.tlog\link.command.1.tlog
c:\users\hyun\desktop\따라하기 18\x64\debug\labproject07.tlog\link.read.1.tlog
c:\users\hyun\desktop\따라하기 18\x64\debug\labproject07.tlog\link.write.1.tlog
c:\users\hyun\desktop\따라하기 18\x64\debug\labproject07.tlog\rc.command.1.tlog
c:\users\hyun\desktop\따라하기 18\x64\debug\labproject07.tlog\rc.read.1.tlog
c:\users\hyun\desktop\따라하기 18\x64\debug\labproject07.tlog\rc.write.1.tlog
