  stdafx.cpp
  Camera.cpp
  GameFramework.cpp
c:\users\희동\desktop\3학기\3d프로그래밍\win32project9\windowsproject11\gameframework.cpp(375): warning C4244: '인수': 'WPARAM'에서 'DWORD'(으)로 변환하면서 데이터가 손실될 수 있습니다.
  GameObject.cpp
  Mesh.cpp
c:\users\희동\desktop\3학기\3d프로그래밍\win32project9\windowsproject11\mesh.cpp(16): error C2065: 'm_pVertices': 선언되지 않은 식별자입니다.
c:\users\희동\desktop\3학기\3d프로그래밍\win32project9\windowsproject11\mesh.cpp(16): error C2541: 'delete': 포인터가 아닌 개체를 삭제할 수 없습니다.
c:\users\희동\desktop\3학기\3d프로그래밍\win32project9\windowsproject11\mesh.cpp(79): error C2065: 'm_pVertices': 선언되지 않은 식별자입니다.
c:\users\희동\desktop\3학기\3d프로그래밍\win32project9\windowsproject11\mesh.cpp(81): error C2065: 'm_pVertices': 선언되지 않은 식별자입니다.
c:\users\희동\desktop\3학기\3d프로그래밍\win32project9\windowsproject11\mesh.cpp(82): error C2065: 'm_pVertices': 선언되지 않은 식별자입니다.
c:\users\희동\desktop\3학기\3d프로그래밍\win32project9\windowsproject11\mesh.cpp(83): error C2065: 'm_pVertices': 선언되지 않은 식별자입니다.
c:\users\희동\desktop\3학기\3d프로그래밍\win32project9\windowsproject11\mesh.cpp(84): error C2065: 'm_pVertices': 선언되지 않은 식별자입니다.
c:\users\희동\desktop\3학기\3d프로그래밍\win32project9\windowsproject11\mesh.cpp(85): error C2065: 'm_pVertices': 선언되지 않은 식별자입니다.
c:\users\희동\desktop\3학기\3d프로그래밍\win32project9\windowsproject11\mesh.cpp(86): error C2065: 'm_pVertices': 선언되지 않은 식별자입니다.
c:\users\희동\desktop\3학기\3d프로그래밍\win32project9\windowsproject11\mesh.cpp(87): error C2065: 'm_pVertices': 선언되지 않은 식별자입니다.
c:\users\희동\desktop\3학기\3d프로그래밍\win32project9\windowsproject11\mesh.cpp(88): error C2065: 'm_pVertices': 선언되지 않은 식별자입니다.
c:\users\희동\desktop\3학기\3d프로그래밍\win32project9\windowsproject11\mesh.cpp(90): error C2065: 'm_pVertices': 선언되지 않은 식별자입니다.
c:\users\희동\desktop\3학기\3d프로그래밍\win32project9\windowsproject11\mesh.cpp(179): error C2065: 'm_pVertices': 선언되지 않은 식별자입니다.
c:\users\희동\desktop\3학기\3d프로그래밍\win32project9\windowsproject11\mesh.cpp(185): error C2065: 'm_pVertices': 선언되지 않은 식별자입니다.
c:\users\희동\desktop\3학기\3d프로그래밍\win32project9\windowsproject11\mesh.cpp(186): error C2065: 'm_pVertices': 선언되지 않은 식별자입니다.
c:\users\희동\desktop\3학기\3d프로그래밍\win32project9\windowsproject11\mesh.cpp(187): error C2065: 'm_pVertices': 선언되지 않은 식별자입니다.
c:\users\희동\desktop\3학기\3d프로그래밍\win32project9\windowsproject11\mesh.cpp(188): error C2065: 'm_pVertices': 선언되지 않은 식별자입니다.
c:\users\희동\desktop\3학기\3d프로그래밍\win32project9\windowsproject11\mesh.cpp(189): error C2065: 'm_pVertices': 선언되지 않은 식별자입니다.
c:\users\희동\desktop\3학기\3d프로그래밍\win32project9\windowsproject11\mesh.cpp(190): error C2065: 'm_pVertices': 선언되지 않은 식별자입니다.
c:\users\희동\desktop\3학기\3d프로그래밍\win32project9\windowsproject11\mesh.cpp(191): error C2065: 'm_pVertices': 선언되지 않은 식별자입니다.
c:\users\희동\desktop\3학기\3d프로그래밍\win32project9\windowsproject11\mesh.cpp(192): error C2065: 'm_pVertices': 선언되지 않은 식별자입니다.
c:\users\희동\desktop\3학기\3d프로그래밍\win32project9\windowsproject11\mesh.cpp(193): error C2065: 'm_pVertices': 선언되지 않은 식별자입니다.
c:\users\희동\desktop\3학기\3d프로그래밍\win32project9\windowsproject11\mesh.cpp(194): error C2065: 'm_pVertices': 선언되지 않은 식별자입니다.
c:\users\희동\desktop\3학기\3d프로그래밍\win32project9\windowsproject11\mesh.cpp(195): error C2065: 'm_pVertices': 선언되지 않은 식별자입니다.
c:\users\희동\desktop\3학기\3d프로그래밍\win32project9\windowsproject11\mesh.cpp(196): error C2065: 'm_pVertices': 선언되지 않은 식별자입니다.
c:\users\희동\desktop\3학기\3d프로그래밍\win32project9\windowsproject11\mesh.cpp(198): error C2065: 'm_pVertices': 선언되지 않은 식별자입니다.
c:\users\희동\desktop\3학기\3d프로그래밍\win32project9\windowsproject11\mesh.cpp(199): error C2065: 'm_pVertices': 선언되지 않은 식별자입니다.
c:\users\희동\desktop\3학기\3d프로그래밍\win32project9\windowsproject11\mesh.cpp(200): error C2065: 'm_pVertices': 선언되지 않은 식별자입니다.
c:\users\희동\desktop\3학기\3d프로그래밍\win32project9\windowsproject11\mesh.cpp(201): error C2065: 'm_pVertices': 선언되지 않은 식별자입니다.
c:\users\희동\desktop\3학기\3d프로그래밍\win32project9\windowsproject11\mesh.cpp(202): error C2065: 'm_pVertices': 선언되지 않은 식별자입니다.
c:\users\희동\desktop\3학기\3d프로그래밍\win32project9\windowsproject11\mesh.cpp(203): error C2065: 'm_pVertices': 선언되지 않은 식별자입니다.
c:\users\희동\desktop\3학기\3d프로그래밍\win32project9\windowsproject11\mesh.cpp(204): error C2065: 'm_pVertices': 선언되지 않은 식별자입니다.
c:\users\희동\desktop\3학기\3d프로그래밍\win32project9\windowsproject11\mesh.cpp(205): error C2065: 'm_pVertices': 선언되지 않은 식별자입니다.
c:\users\희동\desktop\3학기\3d프로그래밍\win32project9\windowsproject11\mesh.cpp(206): error C2065: 'm_pVertices': 선언되지 않은 식별자입니다.
c:\users\희동\desktop\3학기\3d프로그래밍\win32project9\windowsproject11\mesh.cpp(207): error C2065: 'm_pVertices': 선언되지 않은 식별자입니다.
c:\users\희동\desktop\3학기\3d프로그래밍\win32project9\windowsproject11\mesh.cpp(208): error C2065: 'm_pVertices': 선언되지 않은 식별자입니다.
c:\users\희동\desktop\3학기\3d프로그래밍\win32project9\windowsproject11\mesh.cpp(209): error C2065: 'm_pVertices': 선언되지 않은 식별자입니다.
c:\users\희동\desktop\3학기\3d프로그래밍\win32project9\windowsproject11\mesh.cpp(211): error C2065: 'm_pVertices': 선언되지 않은 식별자입니다.
c:\users\희동\desktop\3학기\3d프로그래밍\win32project9\windowsproject11\mesh.cpp(212): error C2065: 'm_pVertices': 선언되지 않은 식별자입니다.
c:\users\희동\desktop\3학기\3d프로그래밍\win32project9\windowsproject11\mesh.cpp(213): error C2065: 'm_pVertices': 선언되지 않은 식별자입니다.
c:\users\희동\desktop\3학기\3d프로그래밍\win32project9\windowsproject11\mesh.cpp(214): error C2065: 'm_pVertices': 선언되지 않은 식별자입니다.
c:\users\희동\desktop\3학기\3d프로그래밍\win32project9\windowsproject11\mesh.cpp(215): error C2065: 'm_pVertices': 선언되지 않은 식별자입니다.
c:\users\희동\desktop\3학기\3d프로그래밍\win32project9\windowsproject11\mesh.cpp(216): error C2065: 'm_pVertices': 선언되지 않은 식별자입니다.
c:\users\희동\desktop\3학기\3d프로그래밍\win32project9\windowsproject11\mesh.cpp(217): error C2065: 'm_pVertices': 선언되지 않은 식별자입니다.
c:\users\희동\desktop\3학기\3d프로그래밍\win32project9\windowsproject11\mesh.cpp(218): error C2065: 'm_pVertices': 선언되지 않은 식별자입니다.
c:\users\희동\desktop\3학기\3d프로그래밍\win32project9\windowsproject11\mesh.cpp(219): error C2065: 'm_pVertices': 선언되지 않은 식별자입니다.
c:\users\희동\desktop\3학기\3d프로그래밍\win32project9\windowsproject11\mesh.cpp(220): error C2065: 'm_pVertices': 선언되지 않은 식별자입니다.
c:\users\희동\desktop\3학기\3d프로그래밍\win32project9\windowsproject11\mesh.cpp(221): error C2065: 'm_pVertices': 선언되지 않은 식별자입니다.
c:\users\희동\desktop\3학기\3d프로그래밍\win32project9\windowsproject11\mesh.cpp(222): error C2065: 'm_pVertices': 선언되지 않은 식별자입니다.
c:\users\희동\desktop\3학기\3d프로그래밍\win32project9\windowsproject11\mesh.cpp(224): error C2065: 'm_pVertices': 선언되지 않은 식별자입니다.
c:\users\희동\desktop\3학기\3d프로그래밍\win32project9\windowsproject11\mesh.cpp(225): error C2065: 'm_pVertices': 선언되지 않은 식별자입니다.
c:\users\희동\desktop\3학기\3d프로그래밍\win32project9\windowsproject11\mesh.cpp(226): error C2065: 'm_pVertices': 선언되지 않은 식별자입니다.
c:\users\희동\desktop\3학기\3d프로그래밍\win32project9\windowsproject11\mesh.cpp(227): error C2065: 'm_pVertices': 선언되지 않은 식별자입니다.
c:\users\희동\desktop\3학기\3d프로그래밍\win32project9\windowsproject11\mesh.cpp(228): error C2065: 'm_pVertices': 선언되지 않은 식별자입니다.
c:\users\희동\desktop\3학기\3d프로그래밍\win32project9\windowsproject11\mesh.cpp(229): error C2065: 'm_pVertices': 선언되지 않은 식별자입니다.
c:\users\희동\desktop\3학기\3d프로그래밍\win32project9\windowsproject11\mesh.cpp(230): error C2065: 'm_pVertices': 선언되지 않은 식별자입니다.
c:\users\희동\desktop\3학기\3d프로그래밍\win32project9\windowsproject11\mesh.cpp(231): error C2065: 'm_pVertices': 선언되지 않은 식별자입니다.
c:\users\희동\desktop\3학기\3d프로그래밍\win32project9\windowsproject11\mesh.cpp(232): error C2065: 'm_pVertices': 선언되지 않은 식별자입니다.
c:\users\희동\desktop\3학기\3d프로그래밍\win32project9\windowsproject11\mesh.cpp(233): error C2065: 'm_pVertices': 선언되지 않은 식별자입니다.
c:\users\희동\desktop\3학기\3d프로그래밍\win32project9\windowsproject11\mesh.cpp(234): error C2065: 'm_pVertices': 선언되지 않은 식별자입니다.
c:\users\희동\desktop\3학기\3d프로그래밍\win32project9\windowsproject11\mesh.cpp(235): error C2065: 'm_pVertices': 선언되지 않은 식별자입니다.
c:\users\희동\desktop\3학기\3d프로그래밍\win32project9\windowsproject11\mesh.cpp(237): error C2065: 'm_pVertices': 선언되지 않은 식별자입니다.
c:\users\희동\desktop\3학기\3d프로그래밍\win32project9\windowsproject11\mesh.cpp(238): error C2065: 'm_pVertices': 선언되지 않은 식별자입니다.
c:\users\희동\desktop\3학기\3d프로그래밍\win32project9\windowsproject11\mesh.cpp(239): error C2065: 'm_pVertices': 선언되지 않은 식별자입니다.
c:\users\희동\desktop\3학기\3d프로그래밍\win32project9\windowsproject11\mesh.cpp(240): error C2065: 'm_pVertices': 선언되지 않은 식별자입니다.
c:\users\희동\desktop\3학기\3d프로그래밍\win32project9\windowsproject11\mesh.cpp(241): error C2065: 'm_pVertices': 선언되지 않은 식별자입니다.
c:\users\희동\desktop\3학기\3d프로그래밍\win32project9\windowsproject11\mesh.cpp(242): error C2065: 'm_pVertices': 선언되지 않은 식별자입니다.
c:\users\희동\desktop\3학기\3d프로그래밍\win32project9\windowsproject11\mesh.cpp(243): error C2065: 'm_pVertices': 선언되지 않은 식별자입니다.
c:\users\희동\desktop\3학기\3d프로그래밍\win32project9\windowsproject11\mesh.cpp(244): error C2065: 'm_pVertices': 선언되지 않은 식별자입니다.
c:\users\희동\desktop\3학기\3d프로그래밍\win32project9\windowsproject11\mesh.cpp(245): error C2065: 'm_pVertices': 선언되지 않은 식별자입니다.
c:\users\희동\desktop\3학기\3d프로그래밍\win32project9\windowsproject11\mesh.cpp(246): error C2065: 'm_pVertices': 선언되지 않은 식별자입니다.
c:\users\희동\desktop\3학기\3d프로그래밍\win32project9\windowsproject11\mesh.cpp(247): error C2065: 'm_pVertices': 선언되지 않은 식별자입니다.
c:\users\희동\desktop\3학기\3d프로그래밍\win32project9\windowsproject11\mesh.cpp(248): error C2065: 'm_pVertices': 선언되지 않은 식별자입니다.
c:\users\희동\desktop\3학기\3d프로그래밍\win32project9\windowsproject11\mesh.cpp(250): error C2065: 'm_pVertices': 선언되지 않은 식별자입니다.
c:\users\희동\desktop\3학기\3d프로그래밍\win32project9\windowsproject11\mesh.cpp(251): error C2065: 'm_pVertices': 선언되지 않은 식별자입니다.
c:\users\희동\desktop\3학기\3d프로그래밍\win32project9\windowsproject11\mesh.cpp(252): error C2065: 'm_pVertices': 선언되지 않은 식별자입니다.
c:\users\희동\desktop\3학기\3d프로그래밍\win32project9\windowsproject11\mesh.cpp(253): error C2065: 'm_pVertices': 선언되지 않은 식별자입니다.
c:\users\희동\desktop\3학기\3d프로그래밍\win32project9\windowsproject11\mesh.cpp(254): error C2065: 'm_pVertices': 선언되지 않은 식별자입니다.
c:\users\희동\desktop\3학기\3d프로그래밍\win32project9\windowsproject11\mesh.cpp(255): error C2065: 'm_pVertices': 선언되지 않은 식별자입니다.
c:\users\희동\desktop\3학기\3d프로그래밍\win32project9\windowsproject11\mesh.cpp(256): error C2065: 'm_pVertices': 선언되지 않은 식별자입니다.
c:\users\희동\desktop\3학기\3d프로그래밍\win32project9\windowsproject11\mesh.cpp(257): error C2065: 'm_pVertices': 선언되지 않은 식별자입니다.
c:\users\희동\desktop\3학기\3d프로그래밍\win32project9\windowsproject11\mesh.cpp(258): error C2065: 'm_pVertices': 선언되지 않은 식별자입니다.
c:\users\희동\desktop\3학기\3d프로그래밍\win32project9\windowsproject11\mesh.cpp(259): error C2065: 'm_pVertices': 선언되지 않은 식별자입니다.
c:\users\희동\desktop\3학기\3d프로그래밍\win32project9\windowsproject11\mesh.cpp(260): error C2065: 'm_pVertices': 선언되지 않은 식별자입니다.
c:\users\희동\desktop\3학기\3d프로그래밍\win32project9\windowsproject11\mesh.cpp(261): error C2065: 'm_pVertices': 선언되지 않은 식별자입니다.
c:\users\희동\desktop\3학기\3d프로그래밍\win32project9\windowsproject11\mesh.cpp(263): error C2065: 'm_pVertices': 선언되지 않은 식별자입니다.
c:\users\희동\desktop\3학기\3d프로그래밍\win32project9\windowsproject11\mesh.cpp(292): error C2065: 'm_pVertices': 선언되지 않은 식별자입니다.
c:\users\희동\desktop\3학기\3d프로그래밍\win32project9\windowsproject11\mesh.cpp(301): error C2065: 'm_pVertices': 선언되지 않은 식별자입니다.
c:\users\희동\desktop\3학기\3d프로그래밍\win32project9\windowsproject11\mesh.cpp(311): error C2065: 'm_pVertices': 선언되지 않은 식별자입니다.
c:\users\희동\desktop\3학기\3d프로그래밍\win32project9\windowsproject11\mesh.cpp(315): error C2065: 'm_pVertices': 선언되지 않은 식별자입니다.
c:\users\희동\desktop\3학기\3d프로그래밍\win32project9\windowsproject11\mesh.cpp(316): error C2065: 'm_pVertices': 선언되지 않은 식별자입니다.
c:\users\희동\desktop\3학기\3d프로그래밍\win32project9\windowsproject11\mesh.cpp(373): error C2065: 'm_pVertices': 선언되지 않은 식별자입니다.
  Player.cpp
  Scene.cpp
  Shader.cpp
  Timer.cpp
  WindowsProject11.cpp
  코드를 생성하고 있습니다...
